<?xml version="1.0" encoding="UTF-8" standalone="yes"?><!DOCTYPE report PUBLIC "-//JACOCO//DTD Report 1.1//EN" "report.dtd"><report name="Kata Project"><sessioninfo id="DESKTOP-O0EE44V-71392a34" start="1595116107881" dump="1595116108449"/><sessioninfo id="DESKTOP-O0EE44V-71392a34" start="1595116107881" dump="1595116108449"/><sessioninfo id="DESKTOP-O0EE44V-71392a34" start="1595116107881" dump="1595116108449"/><sessioninfo id="DESKTOP-O0EE44V-71392a34" start="1595116107881" dump="1595116108449"/><sessioninfo id="DESKTOP-O0EE44V-71392a34" start="1595116107881" dump="1595116108449"/><sessioninfo id="DESKTOP-O0EE44V-5de8262d" start="1595116474560" dump="1595116475040"/><sessioninfo id="DESKTOP-O0EE44V-5de8262d" start="1595116474560" dump="1595116475040"/><sessioninfo id="DESKTOP-O0EE44V-5de8262d" start="1595116474560" dump="1595116475040"/><sessioninfo id="DESKTOP-O0EE44V-5de8262d" start="1595116474560" dump="1595116475040"/><sessioninfo id="DESKTOP-O0EE44V-5de8262d" start="1595116474560" dump="1595116475040"/><sessioninfo id="DESKTOP-O0EE44V-ff0be341" start="1595116477276" dump="1595116477742"/><sessioninfo id="DESKTOP-O0EE44V-ff0be341" start="1595116477276" dump="1595116477742"/><sessioninfo id="DESKTOP-O0EE44V-ff0be341" start="1595116477276" dump="1595116477742"/><sessioninfo id="DESKTOP-O0EE44V-ff0be341" start="1595116477276" dump="1595116477742"/><sessioninfo id="DESKTOP-O0EE44V-ff0be341" start="1595116477276" dump="1595116477742"/><sessioninfo id="DESKTOP-O0EE44V-f122d78e" start="1595116666412" dump="1595116666900"/><sessioninfo id="DESKTOP-O0EE44V-f122d78e" start="1595116666412" dump="1595116666900"/><sessioninfo id="DESKTOP-O0EE44V-f122d78e" start="1595116666412" dump="1595116666900"/><sessioninfo id="DESKTOP-O0EE44V-f122d78e" start="1595116666412" dump="1595116666900"/><sessioninfo id="DESKTOP-O0EE44V-7ffd4ca8" start="1595116669165" dump="1595116669544"/><sessioninfo id="DESKTOP-O0EE44V-7ffd4ca8" start="1595116669165" dump="1595116669544"/><sessioninfo id="DESKTOP-O0EE44V-7ffd4ca8" start="1595116669165" dump="1595116669544"/><sessioninfo id="DESKTOP-O0EE44V-7ffd4ca8" start="1595116669165" dump="1595116669544"/><sessioninfo id="DESKTOP-O0EE44V-59af4b3e" start="1595117316857" dump="1595117317345"/><sessioninfo id="DESKTOP-O0EE44V-59af4b3e" start="1595117316857" dump="1595117317345"/><sessioninfo id="DESKTOP-O0EE44V-59af4b3e" start="1595117316857" dump="1595117317345"/><sessioninfo id="DESKTOP-O0EE44V-883b62de" start="1595117319564" dump="1595117320014"/><sessioninfo id="DESKTOP-O0EE44V-883b62de" start="1595117319564" dump="1595117320014"/><sessioninfo id="DESKTOP-O0EE44V-883b62de" start="1595117319564" dump="1595117320014"/><sessioninfo id="DESKTOP-O0EE44V-673b1d37" start="1595117438799" dump="1595117439288"/><sessioninfo id="DESKTOP-O0EE44V-673b1d37" start="1595117438799" dump="1595117439288"/><sessioninfo id="DESKTOP-O0EE44V-79d3358f" start="1595117834530" dump="1595117834990"/><sessioninfo id="DESKTOP-O0EE44V-79d3358f" start="1595117834530" dump="1595117834990"/><sessioninfo id="DESKTOP-O0EE44V-ea649e67" start="1595117837359" dump="1595117837883"/><sessioninfo id="DESKTOP-O0EE44V-ea649e67" start="1595117837359" dump="1595117837883"/><sessioninfo id="DESKTOP-O0EE44V-4030535e" start="1595117899847" dump="1595117900367"/><sessioninfo id="DESKTOP-O0EE44V-da6b62bb" start="1595117902445" dump="1595117902869"/><package name="edu/pdx/cs410J/devyani"><class name="edu/pdx/cs410J/devyani/Main" sourcefilename="Main.java"><method name="&lt;init&gt;" desc="()V" line="3"><counter type="INSTRUCTION" missed="3" covered="0"/><counter type="LINE" missed="1" covered="0"/><counter type="COMPLEXITY" missed="1" covered="0"/><counter type="METHOD" missed="1" covered="0"/></method><method name="main" desc="([Ljava/lang/String;)V" line="5"><counter type="INSTRUCTION" missed="13" covered="0"/><counter type="LINE" missed="4" covered="0"/><counter type="COMPLEXITY" missed="1" covered="0"/><counter type="METHOD" missed="1" covered="0"/></method><counter type="INSTRUCTION" missed="16" covered="0"/><counter type="LINE" missed="5" covered="0"/><counter type="COMPLEXITY" missed="2" covered="0"/><counter type="METHOD" missed="2" covered="0"/><counter type="CLASS" missed="1" covered="0"/></class><class name="edu/pdx/cs410J/devyani/Diamond" sourcefilename="Diamond.java"><method name="&lt;init&gt;" desc="()V" line="6"><counter type="INSTRUCTION" missed="3" covered="0"/><counter type="LINE" missed="1" covered="0"/><counter type="COMPLEXITY" missed="1" covered="0"/><counter type="METHOD" missed="1" covered="0"/></method><method name="printDiamond" desc="(C)Ljava/lang/String;" line="9"><counter type="INSTRUCTION" missed="0" covered="26"/><counter type="BRANCH" missed="0" covered="2"/><counter type="LINE" missed="0" covered="7"/><counter type="COMPLEXITY" missed="0" covered="2"/><counter type="METHOD" missed="0" covered="1"/></method><method name="getReversedLines" desc="(Ljava/lang/String;)Ljava/lang/String;" line="21"><counter type="INSTRUCTION" missed="0" covered="40"/><counter type="BRANCH" missed="0" covered="2"/><counter type="LINE" missed="0" covered="11"/><counter type="COMPLEXITY" missed="0" covered="2"/><counter type="METHOD" missed="0" covered="1"/></method><method name="getUpperPartOfDiamond" desc="(C)Ljava/lang/String;" line="36"><counter type="INSTRUCTION" missed="0" covered="68"/><counter type="BRANCH" missed="0" covered="2"/><counter type="LINE" missed="0" covered="15"/><counter type="COMPLEXITY" missed="0" covered="2"/><counter type="METHOD" missed="0" covered="1"/></method><method name="spacesRepeatedTimes" desc="(I)Ljava/lang/String;" line="57"><counter type="INSTRUCTION" missed="0" covered="14"/><counter type="BRANCH" missed="0" covered="2"/><counter type="LINE" missed="0" covered="4"/><counter type="COMPLEXITY" missed="0" covered="2"/><counter type="METHOD" missed="0" covered="1"/></method><method name="removeLastNewLineCharacter" desc="(Ljava/lang/String;)Ljava/lang/String;" line="65"><counter type="INSTRUCTION" missed="0" covered="9"/><counter type="LINE" missed="0" covered="2"/><counter type="COMPLEXITY" missed="0" covered="1"/><counter type="METHOD" missed="0" covered="1"/></method><counter type="INSTRUCTION" missed="3" covered="157"/><counter type="BRANCH" missed="0" covered="8"/><counter type="LINE" missed="1" covered="39"/><counter type="COMPLEXITY" missed="1" covered="9"/><counter type="METHOD" missed="1" covered="5"/><counter type="CLASS" missed="0" covered="1"/></class><sourcefile name="Diamond.java"><line nr="6" mi="3" ci="0" mb="0" cb="0"/><line nr="9" mi="0" ci="3" mb="0" cb="2"/><line nr="10" mi="0" ci="2" mb="0" cb="0"/><line nr="13" mi="0" ci="3" mb="0" cb="0"/><line nr="14" mi="0" ci="3" mb="0" cb="0"/><line nr="15" mi="0" ci="8" mb="0" cb="0"/><line nr="16" mi="0" ci="4" mb="0" cb="0"/><line nr="17" mi="0" ci="3" mb="0" cb="0"/><line nr="21" mi="0" ci="2" mb="0" cb="0"/><line nr="23" mi="0" ci="4" mb="0" cb="0"/><line nr="24" mi="0" ci="4" mb="0" cb="0"/><line nr="25" mi="0" ci="3" mb="0" cb="0"/><line nr="26" mi="0" ci="3" mb="0" cb="0"/><line nr="27" mi="0" ci="3" mb="0" cb="0"/><line nr="28" mi="0" ci="4" mb="0" cb="0"/><line nr="29" mi="0" ci="10" mb="0" cb="2"/><line nr="30" mi="0" ci="4" mb="0" cb="0"/><line nr="31" mi="0" ci="1" mb="0" cb="0"/><line nr="32" mi="0" ci="2" mb="0" cb="0"/><line nr="36" mi="0" ci="2" mb="0" cb="0"/><line nr="37" mi="0" ci="6" mb="0" cb="0"/><line nr="39" mi="0" ci="7" mb="0" cb="0"/><line nr="40" mi="0" ci="3" mb="0" cb="0"/><line nr="41" mi="0" ci="3" mb="0" cb="0"/><line nr="43" mi="0" ci="7" mb="0" cb="2"/><line nr="44" mi="0" ci="5" mb="0" cb="0"/><line nr="45" mi="0" ci="4" mb="0" cb="0"/><line nr="46" mi="0" ci="8" mb="0" cb="0"/><line nr="47" mi="0" ci="5" mb="0" cb="0"/><line nr="48" mi="0" ci="4" mb="0" cb="0"/><line nr="49" mi="0" ci="5" mb="0" cb="0"/><line nr="50" mi="0" ci="4" mb="0" cb="0"/><line nr="51" mi="0" ci="3" mb="0" cb="0"/><line nr="53" mi="0" ci="2" mb="0" cb="0"/><line nr="57" mi="0" ci="2" mb="0" cb="0"/><line nr="58" mi="0" ci="7" mb="0" cb="2"/><line nr="59" mi="0" ci="3" mb="0" cb="0"/><line nr="61" mi="0" ci="2" mb="0" cb="0"/><line nr="65" mi="0" ci="7" mb="0" cb="0"/><line nr="66" mi="0" ci="2" mb="0" cb="0"/><counter type="INSTRUCTION" missed="3" covered="157"/><counter type="BRANCH" missed="0" covered="8"/><counter type="LINE" missed="1" covered="39"/><counter type="COMPLEXITY" missed="1" covered="9"/><counter type="METHOD" missed="1" covered="5"/><counter type="CLASS" missed="0" covered="1"/></sourcefile><sourcefile name="Main.java"><line nr="3" mi="3" ci="0" mb="0" cb="0"/><line nr="5" mi="4" ci="0" mb="0" cb="0"/><line nr="6" mi="4" ci="0" mb="0" cb="0"/><line nr="7" mi="4" ci="0" mb="0" cb="0"/><line nr="9" mi="1" ci="0" mb="0" cb="0"/><counter type="INSTRUCTION" missed="16" covered="0"/><counter type="LINE" missed="5" covered="0"/><counter type="COMPLEXITY" missed="2" covered="0"/><counter type="METHOD" missed="2" covered="0"/><counter type="CLASS" missed="1" covered="0"/></sourcefile><counter type="INSTRUCTION" missed="19" covered="157"/><counter type="BRANCH" missed="0" covered="8"/><counter type="LINE" missed="6" covered="39"/><counter type="COMPLEXITY" missed="3" covered="9"/><counter type="METHOD" missed="3" covered="5"/><counter type="CLASS" missed="1" covered="1"/></package><counter type="INSTRUCTION" missed="19" covered="157"/><counter type="BRANCH" missed="0" covered="8"/><counter type="LINE" missed="6" covered="39"/><counter type="COMPLEXITY" missed="3" covered="9"/><counter type="METHOD" missed="3" covered="5"/><counter type="CLASS" missed="1" covered="1"/></report>